<?xml version="1.0" encoding="UTF-8"?>
<!-- Generated by org.testng.reporters.JUnitXMLReporter -->
<testsuite hostname="puhui" name="Default test" tests="115" failures="0" timestamp="10 May 2017 12:15:38 GMT" time="24.757" errors="0">
  <testcase name="method" time="1.238" classname="com.cif.restfull_jenkins.AssertClass"/>
  <testcase name="method" time="0.099" classname="com.cif.restfull_jenkins.AssertClass"/>
  <testcase name="method" time="0.083" classname="com.cif.restfull_jenkins.AssertClass"/>
  <testcase name="method" time="0.104" classname="com.cif.restfull_jenkins.AssertClass"/>
  <testcase name="method" time="0.086" classname="com.cif.restfull_jenkins.AssertClass"/>
  <testcase name="method" time="0.066" classname="com.cif.restfull_jenkins.AssertClass"/>
  <testcase name="method" time="0.092" classname="com.cif.restfull_jenkins.AssertClass"/>
  <testcase name="method" time="0.091" classname="com.cif.restfull_jenkins.AssertClass"/>
  <testcase name="method" time="0.087" classname="com.cif.restfull_jenkins.AssertClass"/>
  <testcase name="method" time="0.126" classname="com.cif.restfull_jenkins.AssertClass"/>
  <testcase name="method" time="0.08" classname="com.cif.restfull_jenkins.AssertClass"/>
  <testcase name="method" time="0.083" classname="com.cif.restfull_jenkins.AssertClass"/>
  <testcase name="method" time="0.189" classname="com.cif.restfull_jenkins.AssertClass"/>
  <testcase name="method" time="0.076" classname="com.cif.restfull_jenkins.AssertClass"/>
  <testcase name="method" time="0.082" classname="com.cif.restfull_jenkins.AssertClass"/>
  <testcase name="method" time="0.081" classname="com.cif.restfull_jenkins.AssertClass"/>
  <testcase name="method" time="0.07" classname="com.cif.restfull_jenkins.AssertClass"/>
  <testcase name="method" time="0.072" classname="com.cif.restfull_jenkins.AssertClass"/>
  <testcase name="method" time="0.087" classname="com.cif.restfull_jenkins.AssertClass"/>
  <testcase name="method" time="0.084" classname="com.cif.restfull_jenkins.AssertClass"/>
  <testcase name="method" time="0.073" classname="com.cif.restfull_jenkins.AssertClass"/>
  <testcase name="method" time="0.076" classname="com.cif.restfull_jenkins.AssertClass"/>
  <testcase name="method" time="0.074" classname="com.cif.restfull_jenkins.AssertClass"/>
  <testcase name="method" time="0.207" classname="com.cif.restfull_jenkins.AssertClass"/>
  <testcase name="method" time="0.1" classname="com.cif.restfull_jenkins.AssertClass"/>
  <testcase name="method" time="0.095" classname="com.cif.restfull_jenkins.AssertClass"/>
  <testcase name="method" time="0.142" classname="com.cif.restfull_jenkins.AssertClass"/>
  <testcase name="method" time="0.099" classname="com.cif.restfull_jenkins.AssertClass"/>
  <testcase name="method" time="0.097" classname="com.cif.restfull_jenkins.AssertClass"/>
  <testcase name="method" time="0.093" classname="com.cif.restfull_jenkins.AssertClass"/>
  <testcase name="method" time="0.099" classname="com.cif.restfull_jenkins.AssertClass"/>
  <testcase name="method" time="0.082" classname="com.cif.restfull_jenkins.AssertClass"/>
  <testcase name="method" time="0.082" classname="com.cif.restfull_jenkins.AssertClass"/>
  <testcase name="method" time="0.067" classname="com.cif.restfull_jenkins.AssertClass"/>
  <testcase name="method" time="0.068" classname="com.cif.restfull_jenkins.AssertClass"/>
  <testcase name="method" time="0.085" classname="com.cif.restfull_jenkins.AssertClass"/>
  <testcase name="method" time="0.072" classname="com.cif.restfull_jenkins.AssertClass"/>
  <testcase name="method" time="0.067" classname="com.cif.restfull_jenkins.AssertClass"/>
  <testcase name="method" time="0.07" classname="com.cif.restfull_jenkins.AssertClass"/>
  <testcase name="method" time="0.063" classname="com.cif.restfull_jenkins.AssertClass"/>
  <testcase name="method" time="0.061" classname="com.cif.restfull_jenkins.AssertClass"/>
  <testcase name="method" time="0.06" classname="com.cif.restfull_jenkins.AssertClass"/>
  <testcase name="method" time="0.066" classname="com.cif.restfull_jenkins.AssertClass"/>
  <testcase name="method" time="0.083" classname="com.cif.restfull_jenkins.AssertClass"/>
  <testcase name="method" time="0.075" classname="com.cif.restfull_jenkins.AssertClass"/>
  <testcase name="method" time="0.064" classname="com.cif.restfull_jenkins.AssertClass"/>
  <testcase name="method" time="0.106" classname="com.cif.restfull_jenkins.AssertClass"/>
  <testcase name="method" time="0.09" classname="com.cif.restfull_jenkins.AssertClass"/>
  <testcase name="method" time="0.07" classname="com.cif.restfull_jenkins.AssertClass"/>
  <testcase name="method" time="0.066" classname="com.cif.restfull_jenkins.AssertClass"/>
  <testcase name="method" time="0.07" classname="com.cif.restfull_jenkins.AssertClass"/>
  <testcase name="method" time="0.066" classname="com.cif.restfull_jenkins.AssertClass"/>
  <testcase name="method" time="0.078" classname="com.cif.restfull_jenkins.AssertClass"/>
  <testcase name="method" time="0.099" classname="com.cif.restfull_jenkins.AssertClass"/>
  <testcase name="method" time="0.068" classname="com.cif.restfull_jenkins.AssertClass"/>
  <testcase name="method" time="0.076" classname="com.cif.restfull_jenkins.AssertClass"/>
  <testcase name="method" time="0.068" classname="com.cif.restfull_jenkins.AssertClass"/>
  <testcase name="method" time="0.066" classname="com.cif.restfull_jenkins.AssertClass"/>
  <testcase name="method" time="0.106" classname="com.cif.restfull_jenkins.AssertClass"/>
  <testcase name="method" time="0.102" classname="com.cif.restfull_jenkins.AssertClass"/>
  <testcase name="method" time="0.064" classname="com.cif.restfull_jenkins.AssertClass"/>
  <testcase name="method" time="0.061" classname="com.cif.restfull_jenkins.AssertClass"/>
  <testcase name="method" time="0.061" classname="com.cif.restfull_jenkins.AssertClass"/>
  <testcase name="method" time="0.074" classname="com.cif.restfull_jenkins.AssertClass"/>
  <testcase name="method" time="0.072" classname="com.cif.restfull_jenkins.AssertClass"/>
  <testcase name="method" time="0.078" classname="com.cif.restfull_jenkins.AssertClass"/>
  <testcase name="method" time="0.068" classname="com.cif.restfull_jenkins.AssertClass"/>
  <testcase name="method" time="0.068" classname="com.cif.restfull_jenkins.AssertClass"/>
  <testcase name="method" time="0.066" classname="com.cif.restfull_jenkins.AssertClass"/>
  <testcase name="method" time="0.131" classname="com.cif.restfull_jenkins.AssertClass"/>
  <testcase name="method" time="0.076" classname="com.cif.restfull_jenkins.AssertClass"/>
  <testcase name="method" time="0.063" classname="com.cif.restfull_jenkins.AssertClass"/>
  <testcase name="method" time="0.136" classname="com.cif.restfull_jenkins.AssertClass"/>
  <testcase name="method" time="0.09" classname="com.cif.restfull_jenkins.AssertClass"/>
  <testcase name="method" time="0.078" classname="com.cif.restfull_jenkins.AssertClass"/>
  <testcase name="method" time="0.085" classname="com.cif.restfull_jenkins.AssertClass"/>
  <testcase name="method" time="0.069" classname="com.cif.restfull_jenkins.AssertClass"/>
  <testcase name="method" time="0.078" classname="com.cif.restfull_jenkins.AssertClass"/>
  <testcase name="method" time="0.101" classname="com.cif.restfull_jenkins.AssertClass"/>
  <testcase name="method" time="0.067" classname="com.cif.restfull_jenkins.AssertClass"/>
  <testcase name="method" time="0.078" classname="com.cif.restfull_jenkins.AssertClass"/>
  <testcase name="method" time="0.067" classname="com.cif.restfull_jenkins.AssertClass"/>
  <testcase name="method" time="0.067" classname="com.cif.restfull_jenkins.AssertClass"/>
  <testcase name="method" time="0.063" classname="com.cif.restfull_jenkins.AssertClass"/>
  <testcase name="method" time="0.062" classname="com.cif.restfull_jenkins.AssertClass"/>
  <testcase name="method" time="0.071" classname="com.cif.restfull_jenkins.AssertClass"/>
  <testcase name="method" time="0.064" classname="com.cif.restfull_jenkins.AssertClass"/>
  <testcase name="method" time="0.077" classname="com.cif.restfull_jenkins.AssertClass"/>
  <testcase name="method" time="0.074" classname="com.cif.restfull_jenkins.AssertClass"/>
  <testcase name="method" time="0.075" classname="com.cif.restfull_jenkins.AssertClass"/>
  <testcase name="method" time="0.062" classname="com.cif.restfull_jenkins.AssertClass"/>
  <testcase name="method" time="0.065" classname="com.cif.restfull_jenkins.AssertClass"/>
  <testcase name="method" time="0.098" classname="com.cif.restfull_jenkins.AssertClass"/>
  <testcase name="method" time="0.07" classname="com.cif.restfull_jenkins.AssertClass"/>
  <testcase name="method" time="0.081" classname="com.cif.restfull_jenkins.AssertClass"/>
  <testcase name="method" time="0.085" classname="com.cif.restfull_jenkins.AssertClass"/>
  <testcase name="method" time="0.064" classname="com.cif.restfull_jenkins.AssertClass"/>
  <testcase name="method" time="0.063" classname="com.cif.restfull_jenkins.AssertClass"/>
  <testcase name="method" time="0.076" classname="com.cif.restfull_jenkins.AssertClass"/>
  <testcase name="method" time="0.066" classname="com.cif.restfull_jenkins.AssertClass"/>
  <testcase name="method" time="0.073" classname="com.cif.restfull_jenkins.AssertClass"/>
  <testcase name="method" time="0.072" classname="com.cif.restfull_jenkins.AssertClass"/>
  <testcase name="method" time="0.068" classname="com.cif.restfull_jenkins.AssertClass"/>
  <testcase name="method" time="0.065" classname="com.cif.restfull_jenkins.AssertClass"/>
  <testcase name="method" time="0.063" classname="com.cif.restfull_jenkins.AssertClass"/>
  <testcase name="method" time="0.059" classname="com.cif.restfull_jenkins.AssertClass"/>
  <testcase name="method" time="0.06" classname="com.cif.restfull_jenkins.AssertClass"/>
  <testcase name="method" time="0.06" classname="com.cif.restfull_jenkins.AssertClass"/>
  <testcase name="method" time="0.061" classname="com.cif.restfull_jenkins.AssertClass"/>
  <testcase name="method" time="0.056" classname="com.cif.restfull_jenkins.AssertClass"/>
  <testcase name="method" time="0.063" classname="com.cif.restfull_jenkins.AssertClass"/>
  <testcase name="method" time="0.062" classname="com.cif.restfull_jenkins.AssertClass"/>
  <testcase name="method" time="0.086" classname="com.cif.restfull_jenkins.AssertClass"/>
  <testcase name="method" time="0.061" classname="com.cif.restfull_jenkins.AssertClass"/>
  <testcase name="method" time="0.064" classname="com.cif.restfull_jenkins.AssertClass"/>
</testsuite> <!-- Default test -->
