<?xml version="1.0" encoding="UTF-8"?>
<!-- Generated by org.testng.reporters.JUnitXMLReporter -->
<testsuite hostname="puhui" name="DataProviderTest" tests="2" failures="2" timestamp="26 Apr 2017 02:24:32 GMT" time="42.375" errors="0">
  <testcase name="" time="0.048" classname="com.cif.utcs.UtcsTesNG_Factory">
    <failure type="java.lang.NullPointerException">
      <![CDATA[java.lang.NullPointerException
	at com.cif.utcs.UtcsTesNG_Factory.assertTest(UtcsTesNG_Factory.java:64)
... Removed 24 stack frames]]>
    </failure>
  </testcase> <!--  -->
  <testcase name="" time="0.003" classname="com.cif.utcs.UtcsTesNG_Factory">
    <failure type="java.lang.NullPointerException">
      <![CDATA[java.lang.NullPointerException
	at com.cif.utcs.UtcsTesNG_Factory.assertTest(UtcsTesNG_Factory.java:64)
... Removed 24 stack frames]]>
    </failure>
  </testcase> <!--  -->
</testsuite> <!-- DataProviderTest -->
