<?xml version="1.0" encoding="UTF-8"?>
<!-- Generated by org.testng.reporters.JUnitXMLReporter -->
<testsuite hostname="puhui" name="testRun" tests="2" failures="2" timestamp="26 Apr 2017 03:06:11 GMT" time="42.319" errors="0">
  <testcase name="" time="0.006" classname="com.cif.utcs.UtcsTesNG_Factory">
    <failure type="java.lang.NullPointerException">
      <![CDATA[java.lang.NullPointerException
	at com.cif.utcs.UtcsTesNG_Factory.assertTest(UtcsTesNG_Factory.java:64)
... Removed 24 stack frames]]>
    </failure>
  </testcase> <!--  -->
  <testcase name="" time="0.002" classname="com.cif.utcs.UtcsTesNG_Factory">
    <failure type="java.lang.NullPointerException">
      <![CDATA[java.lang.NullPointerException
	at com.cif.utcs.UtcsTesNG_Factory.assertTest(UtcsTesNG_Factory.java:64)
... Removed 24 stack frames]]>
    </failure>
  </testcase> <!--  -->
</testsuite> <!-- testRun -->
