<?xml version="1.0" encoding="UTF-8"?>
<!-- Generated by org.testng.reporters.JUnitXMLReporter -->
<testsuite hostname="puhui" name="Api_Select" tests="3" failures="0" timestamp="3 May 2017 03:59:03 GMT" time="13.081" errors="0">
  <testcase name="testMethod" time="9.801" classname="com.cif.restfull.Api_Select"/>
  <testcase name="" time="0.0" classname="com.cif.utcs.UtcsTesNG_Factory"/>
  <testcase name="" time="0.001" classname="com.cif.utcs.UtcsTesNG_Factory"/>
</testsuite> <!-- Api_Select -->
