<?xml version="1.0" encoding="UTF-8"?>
<testng-results skipped="0" failed="11" total="46" passed="35">
  <reporter-output>
  </reporter-output>
  <suite name="Default suite" duration-ms="212221" started-at="2017-05-05T03:59:46Z" finished-at="2017-05-05T04:03:18Z">
    <groups>
    </groups>
    <test name="Default test" duration-ms="212221" started-at="2017-05-05T03:59:46Z" finished-at="2017-05-05T04:03:18Z">
      <class name="com.cif.restfull_jenkins.AssertClass">
        <test-method status="PASS" signature="method(com.alibaba.fastjson.JSONObject)[pri:0, instance:com.cif.restfull_jenkins.AssertClass@4d826d77]" name="method" duration-ms="31431" started-at="2017-05-05T11:59:47Z" data-provider="mysql_retsfull_data" finished-at="2017-05-05T12:00:18Z">
          <params>
            <param index="0">
              <value>
                <![CDATA[{"code":"resultCode","code_1":"tag","expecteds_1":"1","channel":"qz","leval":"P1","params":"{\"idCardNum\":\"idCardNum_change\",\"type\":\"mobile_info.voices\"}","type":"json","message":"","url":"api/v1/getOneBasicColumn","expecteds":"SUCCESS","caseID":"case_1","id":"1","table":"resfull_case"}]]>
              </value>
            </param>
          </params>
          <reporter-output>
          </reporter-output>
        </test-method> <!-- method -->
        <test-method status="PASS" signature="method(com.alibaba.fastjson.JSONObject)[pri:0, instance:com.cif.restfull_jenkins.AssertClass@4d826d77]" name="method" duration-ms="8798" started-at="2017-05-05T12:00:18Z" data-provider="mysql_retsfull_data" finished-at="2017-05-05T12:00:27Z">
          <params>
            <param index="0">
              <value>
                <![CDATA[{"code":"resultCode","code_1":"tag","expecteds_1":"1","channel":"qz","leval":"P1","params":"{\"idCardNum\":\"idCardNum_change\",\"type\":\"mobile_info.contacts_intersectphones\"}","type":"json","message":"","url":"api/v1/getOneBasicColumn","expecteds":"SUCCESS","caseID":"case_2","id":"2","table":"resfull_case"}]]>
              </value>
            </param>
          </params>
          <reporter-output>
          </reporter-output>
        </test-method> <!-- method -->
        <test-method status="PASS" signature="method(com.alibaba.fastjson.JSONObject)[pri:0, instance:com.cif.restfull_jenkins.AssertClass@4d826d77]" name="method" duration-ms="10086" started-at="2017-05-05T12:00:27Z" data-provider="mysql_retsfull_data" finished-at="2017-05-05T12:00:37Z">
          <params>
            <param index="0">
              <value>
                <![CDATA[{"code":"resultCode","code_1":"tag","expecteds_1":"1","channel":"qz","leval":"P1","params":"{\"idCardNum\":\"idCardNum_change\",\"type\":\"credit_card_info.credit_basic\"}","type":"json","message":"","url":"api/v1/getOneBasicColumn","expecteds":"SUCCESS","caseID":"case_3","id":"3","table":"resfull_case"}]]>
              </value>
            </param>
          </params>
          <reporter-output>
          </reporter-output>
        </test-method> <!-- method -->
        <test-method status="PASS" signature="method(com.alibaba.fastjson.JSONObject)[pri:0, instance:com.cif.restfull_jenkins.AssertClass@4d826d77]" name="method" duration-ms="4181" started-at="2017-05-05T12:00:37Z" data-provider="mysql_retsfull_data" finished-at="2017-05-05T12:00:41Z">
          <params>
            <param index="0">
              <value>
                <![CDATA[{"code":"resultCode","code_1":"tag","expecteds_1":"1","channel":"qz","leval":"P1","params":"{\"idCardNum\":\"idCardNum_change\",\"type\":\"credit_card_info.trans_info\"}","type":"json","message":"","url":"api/v1/getOneBasicColumn","expecteds":"SUCCESS","caseID":"case_4","id":"4","table":"resfull_case"}]]>
              </value>
            </param>
          </params>
          <reporter-output>
          </reporter-output>
        </test-method> <!-- method -->
        <test-method status="PASS" signature="method(com.alibaba.fastjson.JSONObject)[pri:0, instance:com.cif.restfull_jenkins.AssertClass@4d826d77]" name="method" duration-ms="2164" started-at="2017-05-05T12:00:41Z" data-provider="mysql_retsfull_data" finished-at="2017-05-05T12:00:43Z">
          <params>
            <param index="0">
              <value>
                <![CDATA[{"code":"resultCode","code_1":"tag","expecteds_1":"1","channel":"qz","leval":"P1","params":"{\"idCardNum\":\"idCardNum_change\",\"type\":\"bank_card_info.trans\"}","type":"json","message":"","url":"api/v1/getOneBasicColumn","expecteds":"SUCCESS","caseID":"case_5","id":"5","table":"resfull_case"}]]>
              </value>
            </param>
          </params>
          <reporter-output>
          </reporter-output>
        </test-method> <!-- method -->
        <test-method status="PASS" signature="method(com.alibaba.fastjson.JSONObject)[pri:0, instance:com.cif.restfull_jenkins.AssertClass@4d826d77]" name="method" duration-ms="307" started-at="2017-05-05T12:00:43Z" data-provider="mysql_retsfull_data" finished-at="2017-05-05T12:00:44Z">
          <params>
            <param index="0">
              <value>
                <![CDATA[{"code":"resultCode","code_1":"tag","expecteds_1":"1","channel":"qz","leval":"P1","params":"{\"idCardNum\":\"idCardNum_change\",\"type\":\"bank_card_info.bank_card_basic\"}","type":"json","message":"","url":"api/v1/getOneBasicColumn","expecteds":"SUCCESS","caseID":"case_6","id":"6","table":"resfull_case"}]]>
              </value>
            </param>
          </params>
          <reporter-output>
          </reporter-output>
        </test-method> <!-- method -->
        <test-method status="PASS" signature="method(com.alibaba.fastjson.JSONObject)[pri:0, instance:com.cif.restfull_jenkins.AssertClass@4d826d77]" name="method" duration-ms="349" started-at="2017-05-05T12:00:44Z" data-provider="mysql_retsfull_data" finished-at="2017-05-05T12:00:44Z">
          <params>
            <param index="0">
              <value>
                <![CDATA[{"code":"resultCode","code_1":"tag","expecteds_1":"1","channel":"qz","leval":"P1","params":"{\"idCardNum\":\"idCardNum_change\",\"type\":\"alipay_info.contacts\"}","type":"json","message":"","url":"api/v1/getOneBasicColumn","expecteds":"SUCCESS","caseID":"case_7","id":"7","table":"resfull_case"}]]>
              </value>
            </param>
          </params>
          <reporter-output>
          </reporter-output>
        </test-method> <!-- method -->
        <test-method status="PASS" signature="method(com.alibaba.fastjson.JSONObject)[pri:0, instance:com.cif.restfull_jenkins.AssertClass@4d826d77]" name="method" duration-ms="1870" started-at="2017-05-05T12:00:44Z" data-provider="mysql_retsfull_data" finished-at="2017-05-05T12:00:46Z">
          <params>
            <param index="0">
              <value>
                <![CDATA[{"code":"resultCode","code_1":"tag","expecteds_1":"1","channel":"qz","leval":"P1","params":"{\"idCardNum\":\"idCardNum_change\",\"type\":\"alipay_info.alipay_basic\"}","type":"json","message":"","url":"api/v1/getOneBasicColumn","expecteds":"SUCCESS","caseID":"case_8","id":"8","table":"resfull_case"}]]>
              </value>
            </param>
          </params>
          <reporter-output>
          </reporter-output>
        </test-method> <!-- method -->
        <test-method status="PASS" signature="method(com.alibaba.fastjson.JSONObject)[pri:0, instance:com.cif.restfull_jenkins.AssertClass@4d826d77]" name="method" duration-ms="4776" started-at="2017-05-05T12:00:46Z" data-provider="mysql_retsfull_data" finished-at="2017-05-05T12:00:51Z">
          <params>
            <param index="0">
              <value>
                <![CDATA[{"code":"resultCode","code_1":"tag","expecteds_1":"1","channel":"qz","leval":"P1","params":"{\"idCardNum\":\"idCardNum_change\",\"type\":\"alipay_info.alipay_bank\"}","type":"json","message":"","url":"api/v1/getOneBasicColumn","expecteds":"SUCCESS","caseID":"case_9","id":"9","table":"resfull_case"}]]>
              </value>
            </param>
          </params>
          <reporter-output>
          </reporter-output>
        </test-method> <!-- method -->
        <test-method status="PASS" signature="method(com.alibaba.fastjson.JSONObject)[pri:0, instance:com.cif.restfull_jenkins.AssertClass@4d826d77]" name="method" duration-ms="4940" started-at="2017-05-05T12:00:51Z" data-provider="mysql_retsfull_data" finished-at="2017-05-05T12:00:56Z">
          <params>
            <param index="0">
              <value>
                <![CDATA[{"code":"resultCode","code_1":"tag","expecteds_1":"1","channel":"qz","leval":"P1","params":"{\"idCardNum\":\"idCardNum_change\",\"type\":\"taobao_info.address_mark\"}","type":"json","message":"","url":"api/v1/getOneBasicColumn","expecteds":"SUCCESS","caseID":"case_10","id":"10","table":"resfull_case"}]]>
              </value>
            </param>
          </params>
          <reporter-output>
          </reporter-output>
        </test-method> <!-- method -->
        <test-method status="PASS" signature="method(com.alibaba.fastjson.JSONObject)[pri:0, instance:com.cif.restfull_jenkins.AssertClass@4d826d77]" name="method" duration-ms="1957" started-at="2017-05-05T12:00:56Z" data-provider="mysql_retsfull_data" finished-at="2017-05-05T12:00:57Z">
          <params>
            <param index="0">
              <value>
                <![CDATA[{"code":"resultCode","code_1":"tag","expecteds_1":"1","channel":"qz","leval":"P1","params":"{\"idCardNum\":\"idCardNum_change\",\"type\":\"taobao_info.received_address\"}","type":"json","message":"","url":"api/v1/getOneBasicColumn","expecteds":"SUCCESS","caseID":"case_11","id":"11","table":"resfull_case"}]]>
              </value>
            </param>
          </params>
          <reporter-output>
          </reporter-output>
        </test-method> <!-- method -->
        <test-method status="PASS" signature="method(com.alibaba.fastjson.JSONObject)[pri:0, instance:com.cif.restfull_jenkins.AssertClass@4d826d77]" name="method" duration-ms="1543" started-at="2017-05-05T12:00:57Z" data-provider="mysql_retsfull_data" finished-at="2017-05-05T12:00:59Z">
          <params>
            <param index="0">
              <value>
                <![CDATA[{"code":"resultCode","code_1":"tag","expecteds_1":"1","channel":"qz","leval":"P1","params":"{\"idCardNum\":\"idCardNum_change\",\"type\":\"taobao_info.taobao_basic\"}","type":"json","message":"","url":"api/v1/getOneBasicColumn","expecteds":"SUCCESS","caseID":"case_12","id":"12","table":"resfull_case"}]]>
              </value>
            </param>
          </params>
          <reporter-output>
          </reporter-output>
        </test-method> <!-- method -->
        <test-method status="PASS" signature="method(com.alibaba.fastjson.JSONObject)[pri:0, instance:com.cif.restfull_jenkins.AssertClass@4d826d77]" name="method" duration-ms="403" started-at="2017-05-05T12:00:59Z" data-provider="mysql_retsfull_data" finished-at="2017-05-05T12:00:59Z">
          <params>
            <param index="0">
              <value>
                <![CDATA[{"code":"resultCode","code_1":"tag","expecteds_1":"1","channel":"qz","leval":"P1","params":"{\"idCardNum\":\"idCardNum_change\",\"type\":\"taobao_info.detail_trans_basic\"}","type":"json","message":"","url":"api/v1/getOneBasicColumn","expecteds":"SUCCESS","caseID":"case_13","id":"13","table":"resfull_case"}]]>
              </value>
            </param>
          </params>
          <reporter-output>
          </reporter-output>
        </test-method> <!-- method -->
        <test-method status="PASS" signature="method(com.alibaba.fastjson.JSONObject)[pri:0, instance:com.cif.restfull_jenkins.AssertClass@4d826d77]" name="method" duration-ms="1565" started-at="2017-05-05T12:00:59Z" data-provider="mysql_retsfull_data" finished-at="2017-05-05T12:01:01Z">
          <params>
            <param index="0">
              <value>
                <![CDATA[{"code":"resultCode","code_1":"tag","expecteds_1":"1","channel":"qz","leval":"P1","params":"{\"idCardNum\":\"idCardNum_change\",\"type\":\"basic_info.customer_bank_card\"}","type":"json","message":"","url":"api/v1/getOneBasicColumn","expecteds":"SUCCESS","caseID":"case_14","id":"14","table":"resfull_case"}]]>
              </value>
            </param>
          </params>
          <reporter-output>
          </reporter-output>
        </test-method> <!-- method -->
        <test-method status="PASS" signature="method(com.alibaba.fastjson.JSONObject)[pri:0, instance:com.cif.restfull_jenkins.AssertClass@4d826d77]" name="method" duration-ms="5212" started-at="2017-05-05T12:01:01Z" data-provider="mysql_retsfull_data" finished-at="2017-05-05T12:01:06Z">
          <params>
            <param index="0">
              <value>
                <![CDATA[{"code":"resultCode","code_1":"tag","expecteds_1":"1","channel":"qz","leval":"P1","params":"{\"idCardNum\":\"idCardNum_change\",\"type\":\"basic_info.band_repay_bankcard\"}","type":"json","message":"","url":"api/v1/getOneBasicColumn","expecteds":"SUCCESS","caseID":"case_15","id":"15","table":"resfull_case"}]]>
              </value>
            </param>
          </params>
          <reporter-output>
          </reporter-output>
        </test-method> <!-- method -->
        <test-method status="PASS" signature="method(com.alibaba.fastjson.JSONObject)[pri:0, instance:com.cif.restfull_jenkins.AssertClass@4d826d77]" name="method" duration-ms="5140" started-at="2017-05-05T12:01:06Z" data-provider="mysql_retsfull_data" finished-at="2017-05-05T12:01:11Z">
          <params>
            <param index="0">
              <value>
                <![CDATA[{"code":"resultCode","code_1":"tag","expecteds_1":"1","channel":"qz","leval":"P1","params":"{\"idCardNum\":\"idCardNum_change\",\"type\":\"basic_info.band_borrow_bankcard\"}","type":"json","message":"","url":"api/v1/getOneBasicColumn","expecteds":"SUCCESS","caseID":"case_16","id":"16","table":"resfull_case"}]]>
              </value>
            </param>
          </params>
          <reporter-output>
          </reporter-output>
        </test-method> <!-- method -->
        <test-method status="PASS" signature="method(com.alibaba.fastjson.JSONObject)[pri:0, instance:com.cif.restfull_jenkins.AssertClass@4d826d77]" name="method" duration-ms="3955" started-at="2017-05-05T12:01:11Z" data-provider="mysql_retsfull_data" finished-at="2017-05-05T12:01:15Z">
          <params>
            <param index="0">
              <value>
                <![CDATA[{"code":"resultCode","code_1":"tag","expecteds_1":"1","channel":"qz","leval":"P1","params":"{\"idCardNum\":\"idCardNum_change\",\"type\":\"basic_info.band_bankcard_mobile\"}","type":"json","message":"","url":"api/v1/getOneBasicColumn","expecteds":"SUCCESS","caseID":"case_17","id":"17","table":"resfull_case"}]]>
              </value>
            </param>
          </params>
          <reporter-output>
          </reporter-output>
        </test-method> <!-- method -->
        <test-method status="PASS" signature="method(com.alibaba.fastjson.JSONObject)[pri:0, instance:com.cif.restfull_jenkins.AssertClass@4d826d77]" name="method" duration-ms="3815" started-at="2017-05-05T12:01:15Z" data-provider="mysql_retsfull_data" finished-at="2017-05-05T12:01:19Z">
          <params>
            <param index="0">
              <value>
                <![CDATA[{"code":"resultCode","code_1":"tag","expecteds_1":"1","channel":"qz","leval":"P1","params":"{\"idCardNum\":\"idCardNum_change\",\"type\":\"basic_info.band_bankcard_idcardnum\"}","type":"json","message":"","url":"api/v1/getOneBasicColumn","expecteds":"SUCCESS","caseID":"case_18","id":"18","table":"resfull_case"}]]>
              </value>
            </param>
          </params>
          <reporter-output>
          </reporter-output>
        </test-method> <!-- method -->
        <test-method status="PASS" signature="method(com.alibaba.fastjson.JSONObject)[pri:0, instance:com.cif.restfull_jenkins.AssertClass@4d826d77]" name="method" duration-ms="2644" started-at="2017-05-05T12:01:19Z" data-provider="mysql_retsfull_data" finished-at="2017-05-05T12:01:22Z">
          <params>
            <param index="0">
              <value>
                <![CDATA[{"code":"resultCode","code_1":"tag","expecteds_1":"1","channel":"qz","leval":"P1","params":"{\"idCardNum\":\"idCardNum_change\",\"type\":\"credit_report_info.cr_basic\"}","type":"json","message":"","url":"api/v1/getOneBasicColumn","expecteds":"SUCCESS","caseID":"case_19","id":"19","table":"resfull_case"}]]>
              </value>
            </param>
          </params>
          <reporter-output>
          </reporter-output>
        </test-method> <!-- method -->
        <test-method status="PASS" signature="method(com.alibaba.fastjson.JSONObject)[pri:0, instance:com.cif.restfull_jenkins.AssertClass@4d826d77]" name="method" duration-ms="4724" started-at="2017-05-05T12:01:22Z" data-provider="mysql_retsfull_data" finished-at="2017-05-05T12:01:26Z">
          <params>
            <param index="0">
              <value>
                <![CDATA[{"code":"resultCode","code_1":"tag","expecteds_1":"1","channel":"qz","leval":"P1","params":"{\"idCardNum\":\"idCardNum_change\",\"type\":\"credit_report_info.query_info\"}","type":"json","message":"","url":"api/v1/getOneBasicColumn","expecteds":"SUCCESS","caseID":"case_20","id":"20","table":"resfull_case"}]]>
              </value>
            </param>
          </params>
          <reporter-output>
          </reporter-output>
        </test-method> <!-- method -->
        <test-method status="PASS" signature="method(com.alibaba.fastjson.JSONObject)[pri:0, instance:com.cif.restfull_jenkins.AssertClass@4d826d77]" name="method" duration-ms="27218" started-at="2017-05-05T12:01:26Z" data-provider="mysql_retsfull_data" finished-at="2017-05-05T12:01:54Z">
          <params>
            <param index="0">
              <value>
                <![CDATA[{"code":"resultCode","code_1":"tag","expecteds_1":"1","channel":"qz","leval":"P1","params":"{\"idCardNum\":\"idCardNum_change\",\"type\":\"credit_report_info.info_summary\"}","type":"json","message":"","url":"api/v1/getOneBasicColumn","expecteds":"SUCCESS","caseID":"case_21","id":"21","table":"resfull_case"}]]>
              </value>
            </param>
          </params>
          <reporter-output>
          </reporter-output>
        </test-method> <!-- method -->
        <test-method status="PASS" signature="method(com.alibaba.fastjson.JSONObject)[pri:0, instance:com.cif.restfull_jenkins.AssertClass@4d826d77]" name="method" duration-ms="1826" started-at="2017-05-05T12:01:54Z" data-provider="mysql_retsfull_data" finished-at="2017-05-05T12:01:56Z">
          <params>
            <param index="0">
              <value>
                <![CDATA[{"code":"resultCode","code_1":"tag","expecteds_1":"1","channel":"qz","leval":"P1","params":"{\"idCardNum\":\"idCardNum_change\",\"type\":\"credit_report_info.info_other_overdue\"}","type":"json","message":"","url":"api/v1/getOneBasicColumn","expecteds":"SUCCESS","caseID":"case_22","id":"22","table":"resfull_case"}]]>
              </value>
            </param>
          </params>
          <reporter-output>
          </reporter-output>
        </test-method> <!-- method -->
        <test-method status="PASS" signature="method(com.alibaba.fastjson.JSONObject)[pri:0, instance:com.cif.restfull_jenkins.AssertClass@4d826d77]" name="method" duration-ms="1918" started-at="2017-05-05T12:01:56Z" data-provider="mysql_retsfull_data" finished-at="2017-05-05T12:01:57Z">
          <params>
            <param index="0">
              <value>
                <![CDATA[{"code":"resultCode","code_1":"tag","expecteds_1":"1","channel":"qz","leval":"P1","params":"{\"idCardNum\":\"idCardNum_change\",\"type\":\"credit_report_info.info_other_normal\"}","type":"json","message":"","url":"api/v1/getOneBasicColumn","expecteds":"SUCCESS","caseID":"case_23","id":"23","table":"resfull_case"}]]>
              </value>
            </param>
          </params>
          <reporter-output>
          </reporter-output>
        </test-method> <!-- method -->
        <test-method status="PASS" signature="method(com.alibaba.fastjson.JSONObject)[pri:0, instance:com.cif.restfull_jenkins.AssertClass@4d826d77]" name="method" duration-ms="2459" started-at="2017-05-05T12:01:57Z" data-provider="mysql_retsfull_data" finished-at="2017-05-05T12:02:00Z">
          <params>
            <param index="0">
              <value>
                <![CDATA[{"code":"resultCode","code_1":"tag","expecteds_1":"1","channel":"redhare","leval":"P1","params":"{\"idCardNum\":\"idCardNum_change\",\"type\":\"mobile_info.voices\"}","type":"json","message":"","url":"api/v1/getOneBasicColumn","expecteds":"SUCCESS","caseID":"case_24","id":"24","table":"resfull_case"}]]>
              </value>
            </param>
          </params>
          <reporter-output>
          </reporter-output>
        </test-method> <!-- method -->
        <test-method status="PASS" signature="method(com.alibaba.fastjson.JSONObject)[pri:0, instance:com.cif.restfull_jenkins.AssertClass@4d826d77]" name="method" duration-ms="7077" started-at="2017-05-05T12:02:00Z" data-provider="mysql_retsfull_data" finished-at="2017-05-05T12:02:07Z">
          <params>
            <param index="0">
              <value>
                <![CDATA[{"code":"resultCode","code_1":"tag","expecteds_1":"1","channel":"redhare","leval":"P1","params":"{\"idCardNum\":\"idCardNum_change\",\"type\":\"mobile_info.contacts_intersectphones\"}","type":"json","message":"","url":"api/v1/getOneBasicColumn","expecteds":"SUCCESS","caseID":"case_25","id":"25","table":"resfull_case"}]]>
              </value>
            </param>
          </params>
          <reporter-output>
          </reporter-output>
        </test-method> <!-- method -->
        <test-method status="FAIL" signature="method(com.alibaba.fastjson.JSONObject)[pri:0, instance:com.cif.restfull_jenkins.AssertClass@4d826d77]" name="method" duration-ms="2407" started-at="2017-05-05T12:02:07Z" data-provider="mysql_retsfull_data" finished-at="2017-05-05T12:02:09Z">
          <params>
            <param index="0">
              <value>
                <![CDATA[{"code":"resultCode","code_1":"tag","expecteds_1":"1","channel":"redhare","leval":"P1","params":"{\"idCardNum\":\"idCardNum_change\",\"type\":\"mobile_info.basic_info\"}","type":"json","message":"","url":"api/v1/getOneBasicColumn","expecteds":"SUCCESS","caseID":"case_26","id":"26","table":"resfull_case"}]]>
              </value>
            </param>
          </params>
          <exception class="java.lang.AssertionError">
            <message>
              <![CDATA[expected [true] but found [false]]]>
            </message>
            <full-stacktrace>
              <![CDATA[java.lang.AssertionError: expected [true] but found [false]
	at org.testng.Assert.fail(Assert.java:94)
	at org.testng.Assert.failNotEquals(Assert.java:513)
	at org.testng.Assert.assertTrue(Assert.java:42)
	at org.testng.Assert.assertTrue(Assert.java:52)
	at com.cif.restfull_jenkins.AssertClass.method(AssertClass.java:21)
	at sun.reflect.GeneratedMethodAccessor1.invoke(Unknown Source)
	at sun.reflect.DelegatingMethodAccessorImpl.invoke(Unknown Source)
	at java.lang.reflect.Method.invoke(Unknown Source)
	at org.testng.internal.MethodInvocationHelper.invokeMethod(MethodInvocationHelper.java:86)
	at org.testng.internal.Invoker.invokeMethod(Invoker.java:645)
	at org.testng.internal.Invoker.invokeTestMethod(Invoker.java:822)
	at org.testng.internal.Invoker.invokeTestMethods(Invoker.java:1130)
	at org.testng.internal.TestMethodWorker.invokeTestMethods(TestMethodWorker.java:129)
	at org.testng.internal.TestMethodWorker.run(TestMethodWorker.java:112)
	at org.testng.TestRunner.privateRun(TestRunner.java:782)
	at org.testng.TestRunner.run(TestRunner.java:632)
	at org.testng.SuiteRunner.runTest(SuiteRunner.java:366)
	at org.testng.SuiteRunner.runSequentially(SuiteRunner.java:361)
	at org.testng.SuiteRunner.privateRun(SuiteRunner.java:319)
	at org.testng.SuiteRunner.run(SuiteRunner.java:268)
	at org.testng.SuiteRunnerWorker.runSuite(SuiteRunnerWorker.java:52)
	at org.testng.SuiteRunnerWorker.run(SuiteRunnerWorker.java:86)
	at org.testng.TestNG.runSuitesSequentially(TestNG.java:1244)
	at org.testng.TestNG.runSuitesLocally(TestNG.java:1169)
	at org.testng.TestNG.run(TestNG.java:1064)
	at org.testng.remote.RemoteTestNG.run(RemoteTestNG.java:113)
	at org.testng.remote.RemoteTestNG.initAndRun(RemoteTestNG.java:206)
	at org.testng.remote.RemoteTestNG.main(RemoteTestNG.java:177)
]]>
            </full-stacktrace>
          </exception> <!-- java.lang.AssertionError -->
          <reporter-output>
          </reporter-output>
        </test-method> <!-- method -->
        <test-method status="FAIL" signature="method(com.alibaba.fastjson.JSONObject)[pri:0, instance:com.cif.restfull_jenkins.AssertClass@4d826d77]" name="method" duration-ms="2120" started-at="2017-05-05T12:02:09Z" data-provider="mysql_retsfull_data" finished-at="2017-05-05T12:02:12Z">
          <params>
            <param index="0">
              <value>
                <![CDATA[{"code":"resultCode","code_1":"tag","expecteds_1":"1","channel":"redhare","leval":"P1","params":"{\"idCardNum\":\"idCardNum_change\",\"type\":\"mobile_info.smses\"}","type":"json","message":"","url":"api/v1/getOneBasicColumn","expecteds":"SUCCESS","caseID":"case_27","id":"27","table":"resfull_case"}]]>
              </value>
            </param>
          </params>
          <exception class="java.lang.AssertionError">
            <message>
              <![CDATA[expected [true] but found [false]]]>
            </message>
            <full-stacktrace>
              <![CDATA[java.lang.AssertionError: expected [true] but found [false]
	at org.testng.Assert.fail(Assert.java:94)
	at org.testng.Assert.failNotEquals(Assert.java:513)
	at org.testng.Assert.assertTrue(Assert.java:42)
	at org.testng.Assert.assertTrue(Assert.java:52)
	at com.cif.restfull_jenkins.AssertClass.method(AssertClass.java:21)
	at sun.reflect.GeneratedMethodAccessor1.invoke(Unknown Source)
	at sun.reflect.DelegatingMethodAccessorImpl.invoke(Unknown Source)
	at java.lang.reflect.Method.invoke(Unknown Source)
	at org.testng.internal.MethodInvocationHelper.invokeMethod(MethodInvocationHelper.java:86)
	at org.testng.internal.Invoker.invokeMethod(Invoker.java:645)
	at org.testng.internal.Invoker.invokeTestMethod(Invoker.java:822)
	at org.testng.internal.Invoker.invokeTestMethods(Invoker.java:1130)
	at org.testng.internal.TestMethodWorker.invokeTestMethods(TestMethodWorker.java:129)
	at org.testng.internal.TestMethodWorker.run(TestMethodWorker.java:112)
	at org.testng.TestRunner.privateRun(TestRunner.java:782)
	at org.testng.TestRunner.run(TestRunner.java:632)
	at org.testng.SuiteRunner.runTest(SuiteRunner.java:366)
	at org.testng.SuiteRunner.runSequentially(SuiteRunner.java:361)
	at org.testng.SuiteRunner.privateRun(SuiteRunner.java:319)
	at org.testng.SuiteRunner.run(SuiteRunner.java:268)
	at org.testng.SuiteRunnerWorker.runSuite(SuiteRunnerWorker.java:52)
	at org.testng.SuiteRunnerWorker.run(SuiteRunnerWorker.java:86)
	at org.testng.TestNG.runSuitesSequentially(TestNG.java:1244)
	at org.testng.TestNG.runSuitesLocally(TestNG.java:1169)
	at org.testng.TestNG.run(TestNG.java:1064)
	at org.testng.remote.RemoteTestNG.run(RemoteTestNG.java:113)
	at org.testng.remote.RemoteTestNG.initAndRun(RemoteTestNG.java:206)
	at org.testng.remote.RemoteTestNG.main(RemoteTestNG.java:177)
]]>
            </full-stacktrace>
          </exception> <!-- java.lang.AssertionError -->
          <reporter-output>
          </reporter-output>
        </test-method> <!-- method -->
        <test-method status="PASS" signature="method(com.alibaba.fastjson.JSONObject)[pri:0, instance:com.cif.restfull_jenkins.AssertClass@4d826d77]" name="method" duration-ms="10276" started-at="2017-05-05T12:02:12Z" data-provider="mysql_retsfull_data" finished-at="2017-05-05T12:02:22Z">
          <params>
            <param index="0">
              <value>
                <![CDATA[{"code":"resultCode","code_1":"tag","expecteds_1":"1","channel":"redhare","leval":"P1","params":"{\"idCardNum\":\"idCardNum_change\",\"type\":\"credit_card_info.credit_basic\"}","type":"json","message":"","url":"api/v1/getOneBasicColumn","expecteds":"SUCCESS","caseID":"case_28","id":"28","table":"resfull_case"}]]>
              </value>
            </param>
          </params>
          <reporter-output>
          </reporter-output>
        </test-method> <!-- method -->
        <test-method status="PASS" signature="method(com.alibaba.fastjson.JSONObject)[pri:0, instance:com.cif.restfull_jenkins.AssertClass@4d826d77]" name="method" duration-ms="2751" started-at="2017-05-05T12:02:22Z" data-provider="mysql_retsfull_data" finished-at="2017-05-05T12:02:25Z">
          <params>
            <param index="0">
              <value>
                <![CDATA[{"code":"resultCode","code_1":"tag","expecteds_1":"1","channel":"redhare","leval":"P1","params":"{\"idCardNum\":\"idCardNum_change\",\"type\":\"credit_card_info.trans_info\"}","type":"json","message":"","url":"api/v1/getOneBasicColumn","expecteds":"SUCCESS","caseID":"case_29","id":"29","table":"resfull_case"}]]>
              </value>
            </param>
          </params>
          <reporter-output>
          </reporter-output>
        </test-method> <!-- method -->
        <test-method status="PASS" signature="method(com.alibaba.fastjson.JSONObject)[pri:0, instance:com.cif.restfull_jenkins.AssertClass@4d826d77]" name="method" duration-ms="2671" started-at="2017-05-05T12:02:25Z" data-provider="mysql_retsfull_data" finished-at="2017-05-05T12:02:27Z">
          <params>
            <param index="0">
              <value>
                <![CDATA[{"code":"resultCode","code_1":"tag","expecteds_1":"1","channel":"redhare","leval":"P1","params":"{\"idCardNum\":\"idCardNum_change\",\"type\":\"taobao_info.taobao_basic\"}","type":"json","message":"","url":"api/v1/getOneBasicColumn","expecteds":"SUCCESS","caseID":"case_30","id":"30","table":"resfull_case"}]]>
              </value>
            </param>
          </params>
          <reporter-output>
          </reporter-output>
        </test-method> <!-- method -->
        <test-method status="PASS" signature="method(com.alibaba.fastjson.JSONObject)[pri:0, instance:com.cif.restfull_jenkins.AssertClass@4d826d77]" name="method" duration-ms="7564" started-at="2017-05-05T12:02:27Z" data-provider="mysql_retsfull_data" finished-at="2017-05-05T12:02:35Z">
          <params>
            <param index="0">
              <value>
                <![CDATA[{"code":"resultCode","code_1":"tag","expecteds_1":"1","channel":"redhare","leval":"P1","params":"{\"idCardNum\":\"idCardNum_change\",\"type\":\"taobao_info.received_address\"}","type":"json","message":"","url":"api/v1/getOneBasicColumn","expecteds":"SUCCESS","caseID":"case_31","id":"31","table":"resfull_case"}]]>
              </value>
            </param>
          </params>
          <reporter-output>
          </reporter-output>
        </test-method> <!-- method -->
        <test-method status="PASS" signature="method(com.alibaba.fastjson.JSONObject)[pri:0, instance:com.cif.restfull_jenkins.AssertClass@4d826d77]" name="method" duration-ms="1511" started-at="2017-05-05T12:02:35Z" data-provider="mysql_retsfull_data" finished-at="2017-05-05T12:02:36Z">
          <params>
            <param index="0">
              <value>
                <![CDATA[{"code":"resultCode","code_1":"tag","expecteds_1":"1","channel":"redhare","leval":"P1","params":"{\"idCardNum\":\"idCardNum_change\",\"type\":\"taobao_info.taobao_basic\"}","type":"json","message":"","url":"api/v1/getOneBasicColumn","expecteds":"SUCCESS","caseID":"case_32","id":"32","table":"resfull_case"}]]>
              </value>
            </param>
          </params>
          <reporter-output>
          </reporter-output>
        </test-method> <!-- method -->
        <test-method status="FAIL" signature="method(com.alibaba.fastjson.JSONObject)[pri:0, instance:com.cif.restfull_jenkins.AssertClass@4d826d77]" name="method" duration-ms="1055" started-at="2017-05-05T12:02:36Z" data-provider="mysql_retsfull_data" finished-at="2017-05-05T12:02:37Z">
          <params>
            <param index="0">
              <value>
                <![CDATA[{"code":"resultCode","code_1":"tag","expecteds_1":"1","channel":"redhare","leval":"P1","params":"{\"idCardNum\":\"idCardNum_change\",\"type\":\"taobao_info.trans_info\"}","type":"json","message":"","url":"api/v1/getOneBasicColumn","expecteds":"SUCCESS","caseID":"case_33","id":"33","table":"resfull_case"}]]>
              </value>
            </param>
          </params>
          <exception class="java.lang.AssertionError">
            <message>
              <![CDATA[expected [true] but found [false]]]>
            </message>
            <full-stacktrace>
              <![CDATA[java.lang.AssertionError: expected [true] but found [false]
	at org.testng.Assert.fail(Assert.java:94)
	at org.testng.Assert.failNotEquals(Assert.java:513)
	at org.testng.Assert.assertTrue(Assert.java:42)
	at org.testng.Assert.assertTrue(Assert.java:52)
	at com.cif.restfull_jenkins.AssertClass.method(AssertClass.java:21)
	at sun.reflect.GeneratedMethodAccessor1.invoke(Unknown Source)
	at sun.reflect.DelegatingMethodAccessorImpl.invoke(Unknown Source)
	at java.lang.reflect.Method.invoke(Unknown Source)
	at org.testng.internal.MethodInvocationHelper.invokeMethod(MethodInvocationHelper.java:86)
	at org.testng.internal.Invoker.invokeMethod(Invoker.java:645)
	at org.testng.internal.Invoker.invokeTestMethod(Invoker.java:822)
	at org.testng.internal.Invoker.invokeTestMethods(Invoker.java:1130)
	at org.testng.internal.TestMethodWorker.invokeTestMethods(TestMethodWorker.java:129)
	at org.testng.internal.TestMethodWorker.run(TestMethodWorker.java:112)
	at org.testng.TestRunner.privateRun(TestRunner.java:782)
	at org.testng.TestRunner.run(TestRunner.java:632)
	at org.testng.SuiteRunner.runTest(SuiteRunner.java:366)
	at org.testng.SuiteRunner.runSequentially(SuiteRunner.java:361)
	at org.testng.SuiteRunner.privateRun(SuiteRunner.java:319)
	at org.testng.SuiteRunner.run(SuiteRunner.java:268)
	at org.testng.SuiteRunnerWorker.runSuite(SuiteRunnerWorker.java:52)
	at org.testng.SuiteRunnerWorker.run(SuiteRunnerWorker.java:86)
	at org.testng.TestNG.runSuitesSequentially(TestNG.java:1244)
	at org.testng.TestNG.runSuitesLocally(TestNG.java:1169)
	at org.testng.TestNG.run(TestNG.java:1064)
	at org.testng.remote.RemoteTestNG.run(RemoteTestNG.java:113)
	at org.testng.remote.RemoteTestNG.initAndRun(RemoteTestNG.java:206)
	at org.testng.remote.RemoteTestNG.main(RemoteTestNG.java:177)
]]>
            </full-stacktrace>
          </exception> <!-- java.lang.AssertionError -->
          <reporter-output>
          </reporter-output>
        </test-method> <!-- method -->
        <test-method status="FAIL" signature="method(com.alibaba.fastjson.JSONObject)[pri:0, instance:com.cif.restfull_jenkins.AssertClass@4d826d77]" name="method" duration-ms="625" started-at="2017-05-05T12:02:37Z" data-provider="mysql_retsfull_data" finished-at="2017-05-05T12:02:38Z">
          <params>
            <param index="0">
              <value>
                <![CDATA[{"code":"resultCode","code_1":"tag","expecteds_1":"1","channel":"redhare","leval":"P1","params":"{\"idCardNum\":\"idCardNum_change\",\"type\":\"basic_info.customer_basic\"}","type":"json","message":"","url":"api/v1/getOneBasicColumn","expecteds":"SUCCESS","caseID":"case_34","id":"34","table":"resfull_case"}]]>
              </value>
            </param>
          </params>
          <exception class="java.lang.AssertionError">
            <message>
              <![CDATA[expected [true] but found [false]]]>
            </message>
            <full-stacktrace>
              <![CDATA[java.lang.AssertionError: expected [true] but found [false]
	at org.testng.Assert.fail(Assert.java:94)
	at org.testng.Assert.failNotEquals(Assert.java:513)
	at org.testng.Assert.assertTrue(Assert.java:42)
	at org.testng.Assert.assertTrue(Assert.java:52)
	at com.cif.restfull_jenkins.AssertClass.method(AssertClass.java:21)
	at sun.reflect.GeneratedMethodAccessor1.invoke(Unknown Source)
	at sun.reflect.DelegatingMethodAccessorImpl.invoke(Unknown Source)
	at java.lang.reflect.Method.invoke(Unknown Source)
	at org.testng.internal.MethodInvocationHelper.invokeMethod(MethodInvocationHelper.java:86)
	at org.testng.internal.Invoker.invokeMethod(Invoker.java:645)
	at org.testng.internal.Invoker.invokeTestMethod(Invoker.java:822)
	at org.testng.internal.Invoker.invokeTestMethods(Invoker.java:1130)
	at org.testng.internal.TestMethodWorker.invokeTestMethods(TestMethodWorker.java:129)
	at org.testng.internal.TestMethodWorker.run(TestMethodWorker.java:112)
	at org.testng.TestRunner.privateRun(TestRunner.java:782)
	at org.testng.TestRunner.run(TestRunner.java:632)
	at org.testng.SuiteRunner.runTest(SuiteRunner.java:366)
	at org.testng.SuiteRunner.runSequentially(SuiteRunner.java:361)
	at org.testng.SuiteRunner.privateRun(SuiteRunner.java:319)
	at org.testng.SuiteRunner.run(SuiteRunner.java:268)
	at org.testng.SuiteRunnerWorker.runSuite(SuiteRunnerWorker.java:52)
	at org.testng.SuiteRunnerWorker.run(SuiteRunnerWorker.java:86)
	at org.testng.TestNG.runSuitesSequentially(TestNG.java:1244)
	at org.testng.TestNG.runSuitesLocally(TestNG.java:1169)
	at org.testng.TestNG.run(TestNG.java:1064)
	at org.testng.remote.RemoteTestNG.run(RemoteTestNG.java:113)
	at org.testng.remote.RemoteTestNG.initAndRun(RemoteTestNG.java:206)
	at org.testng.remote.RemoteTestNG.main(RemoteTestNG.java:177)
]]>
            </full-stacktrace>
          </exception> <!-- java.lang.AssertionError -->
          <reporter-output>
          </reporter-output>
        </test-method> <!-- method -->
        <test-method status="FAIL" signature="method(com.alibaba.fastjson.JSONObject)[pri:0, instance:com.cif.restfull_jenkins.AssertClass@4d826d77]" name="method" duration-ms="669" started-at="2017-05-05T12:02:38Z" data-provider="mysql_retsfull_data" finished-at="2017-05-05T12:02:39Z">
          <params>
            <param index="0">
              <value>
                <![CDATA[{"code":"resultCode","code_1":"tag","expecteds_1":"1","channel":"redhare","leval":"P1","params":"{\"idCardNum\":\"idCardNum_change\",\"type\":\"basic_info.customer_anti_frauds\"}","type":"json","message":"","url":"api/v1/getOneBasicColumn","expecteds":"SUCCESS","caseID":"case_35","id":"35","table":"resfull_case"}]]>
              </value>
            </param>
          </params>
          <exception class="java.lang.AssertionError">
            <message>
              <![CDATA[expected [true] but found [false]]]>
            </message>
            <full-stacktrace>
              <![CDATA[java.lang.AssertionError: expected [true] but found [false]
	at org.testng.Assert.fail(Assert.java:94)
	at org.testng.Assert.failNotEquals(Assert.java:513)
	at org.testng.Assert.assertTrue(Assert.java:42)
	at org.testng.Assert.assertTrue(Assert.java:52)
	at com.cif.restfull_jenkins.AssertClass.method(AssertClass.java:21)
	at sun.reflect.GeneratedMethodAccessor1.invoke(Unknown Source)
	at sun.reflect.DelegatingMethodAccessorImpl.invoke(Unknown Source)
	at java.lang.reflect.Method.invoke(Unknown Source)
	at org.testng.internal.MethodInvocationHelper.invokeMethod(MethodInvocationHelper.java:86)
	at org.testng.internal.Invoker.invokeMethod(Invoker.java:645)
	at org.testng.internal.Invoker.invokeTestMethod(Invoker.java:822)
	at org.testng.internal.Invoker.invokeTestMethods(Invoker.java:1130)
	at org.testng.internal.TestMethodWorker.invokeTestMethods(TestMethodWorker.java:129)
	at org.testng.internal.TestMethodWorker.run(TestMethodWorker.java:112)
	at org.testng.TestRunner.privateRun(TestRunner.java:782)
	at org.testng.TestRunner.run(TestRunner.java:632)
	at org.testng.SuiteRunner.runTest(SuiteRunner.java:366)
	at org.testng.SuiteRunner.runSequentially(SuiteRunner.java:361)
	at org.testng.SuiteRunner.privateRun(SuiteRunner.java:319)
	at org.testng.SuiteRunner.run(SuiteRunner.java:268)
	at org.testng.SuiteRunnerWorker.runSuite(SuiteRunnerWorker.java:52)
	at org.testng.SuiteRunnerWorker.run(SuiteRunnerWorker.java:86)
	at org.testng.TestNG.runSuitesSequentially(TestNG.java:1244)
	at org.testng.TestNG.runSuitesLocally(TestNG.java:1169)
	at org.testng.TestNG.run(TestNG.java:1064)
	at org.testng.remote.RemoteTestNG.run(RemoteTestNG.java:113)
	at org.testng.remote.RemoteTestNG.initAndRun(RemoteTestNG.java:206)
	at org.testng.remote.RemoteTestNG.main(RemoteTestNG.java:177)
]]>
            </full-stacktrace>
          </exception> <!-- java.lang.AssertionError -->
          <reporter-output>
          </reporter-output>
        </test-method> <!-- method -->
        <test-method status="FAIL" signature="method(com.alibaba.fastjson.JSONObject)[pri:0, instance:com.cif.restfull_jenkins.AssertClass@4d826d77]" name="method" duration-ms="1146" started-at="2017-05-05T12:02:39Z" data-provider="mysql_retsfull_data" finished-at="2017-05-05T12:02:40Z">
          <params>
            <param index="0">
              <value>
                <![CDATA[{"code":"resultCode","code_1":"tag","expecteds_1":"1","channel":"redhare","leval":"P1","params":"{\"idCardNum\":\"idCardNum_change\",\"type\":\"basic_info.customer_client\"}","type":"json","message":"","url":"api/v1/getOneBasicColumn","expecteds":"SUCCESS","caseID":"case_36","id":"36","table":"resfull_case"}]]>
              </value>
            </param>
          </params>
          <exception class="java.lang.AssertionError">
            <message>
              <![CDATA[expected [true] but found [false]]]>
            </message>
            <full-stacktrace>
              <![CDATA[java.lang.AssertionError: expected [true] but found [false]
	at org.testng.Assert.fail(Assert.java:94)
	at org.testng.Assert.failNotEquals(Assert.java:513)
	at org.testng.Assert.assertTrue(Assert.java:42)
	at org.testng.Assert.assertTrue(Assert.java:52)
	at com.cif.restfull_jenkins.AssertClass.method(AssertClass.java:21)
	at sun.reflect.GeneratedMethodAccessor1.invoke(Unknown Source)
	at sun.reflect.DelegatingMethodAccessorImpl.invoke(Unknown Source)
	at java.lang.reflect.Method.invoke(Unknown Source)
	at org.testng.internal.MethodInvocationHelper.invokeMethod(MethodInvocationHelper.java:86)
	at org.testng.internal.Invoker.invokeMethod(Invoker.java:645)
	at org.testng.internal.Invoker.invokeTestMethod(Invoker.java:822)
	at org.testng.internal.Invoker.invokeTestMethods(Invoker.java:1130)
	at org.testng.internal.TestMethodWorker.invokeTestMethods(TestMethodWorker.java:129)
	at org.testng.internal.TestMethodWorker.run(TestMethodWorker.java:112)
	at org.testng.TestRunner.privateRun(TestRunner.java:782)
	at org.testng.TestRunner.run(TestRunner.java:632)
	at org.testng.SuiteRunner.runTest(SuiteRunner.java:366)
	at org.testng.SuiteRunner.runSequentially(SuiteRunner.java:361)
	at org.testng.SuiteRunner.privateRun(SuiteRunner.java:319)
	at org.testng.SuiteRunner.run(SuiteRunner.java:268)
	at org.testng.SuiteRunnerWorker.runSuite(SuiteRunnerWorker.java:52)
	at org.testng.SuiteRunnerWorker.run(SuiteRunnerWorker.java:86)
	at org.testng.TestNG.runSuitesSequentially(TestNG.java:1244)
	at org.testng.TestNG.runSuitesLocally(TestNG.java:1169)
	at org.testng.TestNG.run(TestNG.java:1064)
	at org.testng.remote.RemoteTestNG.run(RemoteTestNG.java:113)
	at org.testng.remote.RemoteTestNG.initAndRun(RemoteTestNG.java:206)
	at org.testng.remote.RemoteTestNG.main(RemoteTestNG.java:177)
]]>
            </full-stacktrace>
          </exception> <!-- java.lang.AssertionError -->
          <reporter-output>
          </reporter-output>
        </test-method> <!-- method -->
        <test-method status="FAIL" signature="method(com.alibaba.fastjson.JSONObject)[pri:0, instance:com.cif.restfull_jenkins.AssertClass@4d826d77]" name="method" duration-ms="1268" started-at="2017-05-05T12:02:40Z" data-provider="mysql_retsfull_data" finished-at="2017-05-05T12:02:41Z">
          <params>
            <param index="0">
              <value>
                <![CDATA[{"code":"resultCode","code_1":"tag","expecteds_1":"1","channel":"redhare","leval":"P1","params":"{\"idCardNum\":\"idCardNum_change\",\"type\":\"basic_info.customer_gps\"}","type":"json","message":"","url":"api/v1/getOneBasicColumn","expecteds":"SUCCESS","caseID":"case_37","id":"37","table":"resfull_case"}]]>
              </value>
            </param>
          </params>
          <exception class="java.lang.AssertionError">
            <message>
              <![CDATA[expected [true] but found [false]]]>
            </message>
            <full-stacktrace>
              <![CDATA[java.lang.AssertionError: expected [true] but found [false]
	at org.testng.Assert.fail(Assert.java:94)
	at org.testng.Assert.failNotEquals(Assert.java:513)
	at org.testng.Assert.assertTrue(Assert.java:42)
	at org.testng.Assert.assertTrue(Assert.java:52)
	at com.cif.restfull_jenkins.AssertClass.method(AssertClass.java:21)
	at sun.reflect.GeneratedMethodAccessor1.invoke(Unknown Source)
	at sun.reflect.DelegatingMethodAccessorImpl.invoke(Unknown Source)
	at java.lang.reflect.Method.invoke(Unknown Source)
	at org.testng.internal.MethodInvocationHelper.invokeMethod(MethodInvocationHelper.java:86)
	at org.testng.internal.Invoker.invokeMethod(Invoker.java:645)
	at org.testng.internal.Invoker.invokeTestMethod(Invoker.java:822)
	at org.testng.internal.Invoker.invokeTestMethods(Invoker.java:1130)
	at org.testng.internal.TestMethodWorker.invokeTestMethods(TestMethodWorker.java:129)
	at org.testng.internal.TestMethodWorker.run(TestMethodWorker.java:112)
	at org.testng.TestRunner.privateRun(TestRunner.java:782)
	at org.testng.TestRunner.run(TestRunner.java:632)
	at org.testng.SuiteRunner.runTest(SuiteRunner.java:366)
	at org.testng.SuiteRunner.runSequentially(SuiteRunner.java:361)
	at org.testng.SuiteRunner.privateRun(SuiteRunner.java:319)
	at org.testng.SuiteRunner.run(SuiteRunner.java:268)
	at org.testng.SuiteRunnerWorker.runSuite(SuiteRunnerWorker.java:52)
	at org.testng.SuiteRunnerWorker.run(SuiteRunnerWorker.java:86)
	at org.testng.TestNG.runSuitesSequentially(TestNG.java:1244)
	at org.testng.TestNG.runSuitesLocally(TestNG.java:1169)
	at org.testng.TestNG.run(TestNG.java:1064)
	at org.testng.remote.RemoteTestNG.run(RemoteTestNG.java:113)
	at org.testng.remote.RemoteTestNG.initAndRun(RemoteTestNG.java:206)
	at org.testng.remote.RemoteTestNG.main(RemoteTestNG.java:177)
]]>
            </full-stacktrace>
          </exception> <!-- java.lang.AssertionError -->
          <reporter-output>
          </reporter-output>
        </test-method> <!-- method -->
        <test-method status="FAIL" signature="method(com.alibaba.fastjson.JSONObject)[pri:0, instance:com.cif.restfull_jenkins.AssertClass@4d826d77]" name="method" duration-ms="1231" started-at="2017-05-05T12:02:41Z" data-provider="mysql_retsfull_data" finished-at="2017-05-05T12:02:42Z">
          <params>
            <param index="0">
              <value>
                <![CDATA[{"code":"resultCode","code_1":"tag","expecteds_1":"1","channel":"redhare","leval":"P1","params":"{\"idCardNum\":\"idCardNum_change\",\"type\":\"basic_info.idcard_basic\"}","type":"json","message":"","url":"api/v1/getOneBasicColumn","expecteds":"SUCCESS","caseID":"case_38","id":"38","table":"resfull_case"}]]>
              </value>
            </param>
          </params>
          <exception class="java.lang.AssertionError">
            <message>
              <![CDATA[expected [true] but found [false]]]>
            </message>
            <full-stacktrace>
              <![CDATA[java.lang.AssertionError: expected [true] but found [false]
	at org.testng.Assert.fail(Assert.java:94)
	at org.testng.Assert.failNotEquals(Assert.java:513)
	at org.testng.Assert.assertTrue(Assert.java:42)
	at org.testng.Assert.assertTrue(Assert.java:52)
	at com.cif.restfull_jenkins.AssertClass.method(AssertClass.java:21)
	at sun.reflect.GeneratedMethodAccessor1.invoke(Unknown Source)
	at sun.reflect.DelegatingMethodAccessorImpl.invoke(Unknown Source)
	at java.lang.reflect.Method.invoke(Unknown Source)
	at org.testng.internal.MethodInvocationHelper.invokeMethod(MethodInvocationHelper.java:86)
	at org.testng.internal.Invoker.invokeMethod(Invoker.java:645)
	at org.testng.internal.Invoker.invokeTestMethod(Invoker.java:822)
	at org.testng.internal.Invoker.invokeTestMethods(Invoker.java:1130)
	at org.testng.internal.TestMethodWorker.invokeTestMethods(TestMethodWorker.java:129)
	at org.testng.internal.TestMethodWorker.run(TestMethodWorker.java:112)
	at org.testng.TestRunner.privateRun(TestRunner.java:782)
	at org.testng.TestRunner.run(TestRunner.java:632)
	at org.testng.SuiteRunner.runTest(SuiteRunner.java:366)
	at org.testng.SuiteRunner.runSequentially(SuiteRunner.java:361)
	at org.testng.SuiteRunner.privateRun(SuiteRunner.java:319)
	at org.testng.SuiteRunner.run(SuiteRunner.java:268)
	at org.testng.SuiteRunnerWorker.runSuite(SuiteRunnerWorker.java:52)
	at org.testng.SuiteRunnerWorker.run(SuiteRunnerWorker.java:86)
	at org.testng.TestNG.runSuitesSequentially(TestNG.java:1244)
	at org.testng.TestNG.runSuitesLocally(TestNG.java:1169)
	at org.testng.TestNG.run(TestNG.java:1064)
	at org.testng.remote.RemoteTestNG.run(RemoteTestNG.java:113)
	at org.testng.remote.RemoteTestNG.initAndRun(RemoteTestNG.java:206)
	at org.testng.remote.RemoteTestNG.main(RemoteTestNG.java:177)
]]>
            </full-stacktrace>
          </exception> <!-- java.lang.AssertionError -->
          <reporter-output>
          </reporter-output>
        </test-method> <!-- method -->
        <test-method status="FAIL" signature="method(com.alibaba.fastjson.JSONObject)[pri:0, instance:com.cif.restfull_jenkins.AssertClass@4d826d77]" name="method" duration-ms="1428" started-at="2017-05-05T12:02:42Z" data-provider="mysql_retsfull_data" finished-at="2017-05-05T12:02:44Z">
          <params>
            <param index="0">
              <value>
                <![CDATA[{"code":"resultCode","code_1":"tag","expecteds_1":"1","channel":"redhare","leval":"P1","params":"{\"idCardNum\":\"idCardNum_change\",\"type\":\"basic_info.mobile_basic\"}","type":"json","message":"","url":"api/v1/getOneBasicColumn","expecteds":"SUCCESS","caseID":"case_39","id":"39","table":"resfull_case"}]]>
              </value>
            </param>
          </params>
          <exception class="java.lang.AssertionError">
            <message>
              <![CDATA[expected [true] but found [false]]]>
            </message>
            <full-stacktrace>
              <![CDATA[java.lang.AssertionError: expected [true] but found [false]
	at org.testng.Assert.fail(Assert.java:94)
	at org.testng.Assert.failNotEquals(Assert.java:513)
	at org.testng.Assert.assertTrue(Assert.java:42)
	at org.testng.Assert.assertTrue(Assert.java:52)
	at com.cif.restfull_jenkins.AssertClass.method(AssertClass.java:21)
	at sun.reflect.GeneratedMethodAccessor1.invoke(Unknown Source)
	at sun.reflect.DelegatingMethodAccessorImpl.invoke(Unknown Source)
	at java.lang.reflect.Method.invoke(Unknown Source)
	at org.testng.internal.MethodInvocationHelper.invokeMethod(MethodInvocationHelper.java:86)
	at org.testng.internal.Invoker.invokeMethod(Invoker.java:645)
	at org.testng.internal.Invoker.invokeTestMethod(Invoker.java:822)
	at org.testng.internal.Invoker.invokeTestMethods(Invoker.java:1130)
	at org.testng.internal.TestMethodWorker.invokeTestMethods(TestMethodWorker.java:129)
	at org.testng.internal.TestMethodWorker.run(TestMethodWorker.java:112)
	at org.testng.TestRunner.privateRun(TestRunner.java:782)
	at org.testng.TestRunner.run(TestRunner.java:632)
	at org.testng.SuiteRunner.runTest(SuiteRunner.java:366)
	at org.testng.SuiteRunner.runSequentially(SuiteRunner.java:361)
	at org.testng.SuiteRunner.privateRun(SuiteRunner.java:319)
	at org.testng.SuiteRunner.run(SuiteRunner.java:268)
	at org.testng.SuiteRunnerWorker.runSuite(SuiteRunnerWorker.java:52)
	at org.testng.SuiteRunnerWorker.run(SuiteRunnerWorker.java:86)
	at org.testng.TestNG.runSuitesSequentially(TestNG.java:1244)
	at org.testng.TestNG.runSuitesLocally(TestNG.java:1169)
	at org.testng.TestNG.run(TestNG.java:1064)
	at org.testng.remote.RemoteTestNG.run(RemoteTestNG.java:113)
	at org.testng.remote.RemoteTestNG.initAndRun(RemoteTestNG.java:206)
	at org.testng.remote.RemoteTestNG.main(RemoteTestNG.java:177)
]]>
            </full-stacktrace>
          </exception> <!-- java.lang.AssertionError -->
          <reporter-output>
          </reporter-output>
        </test-method> <!-- method -->
        <test-method status="FAIL" signature="method(com.alibaba.fastjson.JSONObject)[pri:0, instance:com.cif.restfull_jenkins.AssertClass@4d826d77]" name="method" duration-ms="1386" started-at="2017-05-05T12:02:44Z" data-provider="mysql_retsfull_data" finished-at="2017-05-05T12:02:45Z">
          <params>
            <param index="0">
              <value>
                <![CDATA[{"code":"resultCode","code_1":"tag","expecteds_1":"1","channel":"redhare","leval":"P1","params":"{\"idCardNum\":\"idCardNum_change\",\"type\":\"basic_info.email_info\"}","type":"json","message":"","url":"api/v1/getOneBasicColumn","expecteds":"SUCCESS","caseID":"case_40","id":"40","table":"resfull_case"}]]>
              </value>
            </param>
          </params>
          <exception class="java.lang.AssertionError">
            <message>
              <![CDATA[expected [true] but found [false]]]>
            </message>
            <full-stacktrace>
              <![CDATA[java.lang.AssertionError: expected [true] but found [false]
	at org.testng.Assert.fail(Assert.java:94)
	at org.testng.Assert.failNotEquals(Assert.java:513)
	at org.testng.Assert.assertTrue(Assert.java:42)
	at org.testng.Assert.assertTrue(Assert.java:52)
	at com.cif.restfull_jenkins.AssertClass.method(AssertClass.java:21)
	at sun.reflect.GeneratedMethodAccessor1.invoke(Unknown Source)
	at sun.reflect.DelegatingMethodAccessorImpl.invoke(Unknown Source)
	at java.lang.reflect.Method.invoke(Unknown Source)
	at org.testng.internal.MethodInvocationHelper.invokeMethod(MethodInvocationHelper.java:86)
	at org.testng.internal.Invoker.invokeMethod(Invoker.java:645)
	at org.testng.internal.Invoker.invokeTestMethod(Invoker.java:822)
	at org.testng.internal.Invoker.invokeTestMethods(Invoker.java:1130)
	at org.testng.internal.TestMethodWorker.invokeTestMethods(TestMethodWorker.java:129)
	at org.testng.internal.TestMethodWorker.run(TestMethodWorker.java:112)
	at org.testng.TestRunner.privateRun(TestRunner.java:782)
	at org.testng.TestRunner.run(TestRunner.java:632)
	at org.testng.SuiteRunner.runTest(SuiteRunner.java:366)
	at org.testng.SuiteRunner.runSequentially(SuiteRunner.java:361)
	at org.testng.SuiteRunner.privateRun(SuiteRunner.java:319)
	at org.testng.SuiteRunner.run(SuiteRunner.java:268)
	at org.testng.SuiteRunnerWorker.runSuite(SuiteRunnerWorker.java:52)
	at org.testng.SuiteRunnerWorker.run(SuiteRunnerWorker.java:86)
	at org.testng.TestNG.runSuitesSequentially(TestNG.java:1244)
	at org.testng.TestNG.runSuitesLocally(TestNG.java:1169)
	at org.testng.TestNG.run(TestNG.java:1064)
	at org.testng.remote.RemoteTestNG.run(RemoteTestNG.java:113)
	at org.testng.remote.RemoteTestNG.initAndRun(RemoteTestNG.java:206)
	at org.testng.remote.RemoteTestNG.main(RemoteTestNG.java:177)
]]>
            </full-stacktrace>
          </exception> <!-- java.lang.AssertionError -->
          <reporter-output>
          </reporter-output>
        </test-method> <!-- method -->
        <test-method status="FAIL" signature="method(com.alibaba.fastjson.JSONObject)[pri:0, instance:com.cif.restfull_jenkins.AssertClass@4d826d77]" name="method" duration-ms="1722" started-at="2017-05-05T12:02:45Z" data-provider="mysql_retsfull_data" finished-at="2017-05-05T12:02:47Z">
          <params>
            <param index="0">
              <value>
                <![CDATA[{"code":"resultCode","code_1":"tag","expecteds_1":"1","channel":"redhare","leval":"P1","params":"{\"idCardNum\":\"idCardNum_change\",\"type\":\"basic_info.customerLoanInfo\"}","type":"json","message":"","url":"api/v1/getOneBasicColumn","expecteds":"SUCCESS","caseID":"case_41","id":"41","table":"resfull_case"}]]>
              </value>
            </param>
          </params>
          <exception class="java.lang.AssertionError">
            <message>
              <![CDATA[expected [true] but found [false]]]>
            </message>
            <full-stacktrace>
              <![CDATA[java.lang.AssertionError: expected [true] but found [false]
	at org.testng.Assert.fail(Assert.java:94)
	at org.testng.Assert.failNotEquals(Assert.java:513)
	at org.testng.Assert.assertTrue(Assert.java:42)
	at org.testng.Assert.assertTrue(Assert.java:52)
	at com.cif.restfull_jenkins.AssertClass.method(AssertClass.java:21)
	at sun.reflect.GeneratedMethodAccessor1.invoke(Unknown Source)
	at sun.reflect.DelegatingMethodAccessorImpl.invoke(Unknown Source)
	at java.lang.reflect.Method.invoke(Unknown Source)
	at org.testng.internal.MethodInvocationHelper.invokeMethod(MethodInvocationHelper.java:86)
	at org.testng.internal.Invoker.invokeMethod(Invoker.java:645)
	at org.testng.internal.Invoker.invokeTestMethod(Invoker.java:822)
	at org.testng.internal.Invoker.invokeTestMethods(Invoker.java:1130)
	at org.testng.internal.TestMethodWorker.invokeTestMethods(TestMethodWorker.java:129)
	at org.testng.internal.TestMethodWorker.run(TestMethodWorker.java:112)
	at org.testng.TestRunner.privateRun(TestRunner.java:782)
	at org.testng.TestRunner.run(TestRunner.java:632)
	at org.testng.SuiteRunner.runTest(SuiteRunner.java:366)
	at org.testng.SuiteRunner.runSequentially(SuiteRunner.java:361)
	at org.testng.SuiteRunner.privateRun(SuiteRunner.java:319)
	at org.testng.SuiteRunner.run(SuiteRunner.java:268)
	at org.testng.SuiteRunnerWorker.runSuite(SuiteRunnerWorker.java:52)
	at org.testng.SuiteRunnerWorker.run(SuiteRunnerWorker.java:86)
	at org.testng.TestNG.runSuitesSequentially(TestNG.java:1244)
	at org.testng.TestNG.runSuitesLocally(TestNG.java:1169)
	at org.testng.TestNG.run(TestNG.java:1064)
	at org.testng.remote.RemoteTestNG.run(RemoteTestNG.java:113)
	at org.testng.remote.RemoteTestNG.initAndRun(RemoteTestNG.java:206)
	at org.testng.remote.RemoteTestNG.main(RemoteTestNG.java:177)
]]>
            </full-stacktrace>
          </exception> <!-- java.lang.AssertionError -->
          <reporter-output>
          </reporter-output>
        </test-method> <!-- method -->
        <test-method status="PASS" signature="method(com.alibaba.fastjson.JSONObject)[pri:0, instance:com.cif.restfull_jenkins.AssertClass@4d826d77]" name="method" duration-ms="1551" started-at="2017-05-05T12:02:47Z" data-provider="mysql_retsfull_data" finished-at="2017-05-05T12:02:48Z">
          <params>
            <param index="0">
              <value>
                <![CDATA[{"code":"resultCode","code_1":"tag","expecteds_1":"1","channel":"redhare","leval":"P1","params":"{\"idCardNum\":\"idCardNum_change\",\"type\":\"bank_card_info.trans\"}","type":"json","message":"","url":"api/v1/getOneBasicColumn","expecteds":"SUCCESS","caseID":"case_42","id":"42","table":"resfull_case"}]]>
              </value>
            </param>
          </params>
          <reporter-output>
          </reporter-output>
        </test-method> <!-- method -->
        <test-method status="PASS" signature="method(com.alibaba.fastjson.JSONObject)[pri:0, instance:com.cif.restfull_jenkins.AssertClass@4d826d77]" name="method" duration-ms="1223" started-at="2017-05-05T12:02:48Z" data-provider="mysql_retsfull_data" finished-at="2017-05-05T12:02:50Z">
          <params>
            <param index="0">
              <value>
                <![CDATA[{"code":"resultCode","code_1":"tag","expecteds_1":"1","channel":"redhare","leval":"P1","params":"{\"idCardNum\":\"idCardNum_change\",\"type\":\"bank_card_info.bank_card_basic\"}","type":"json","message":"","url":"api/v1/getOneBasicColumn","expecteds":"SUCCESS","caseID":"case_43","id":"43","table":"resfull_case"}]]>
              </value>
            </param>
          </params>
          <reporter-output>
          </reporter-output>
        </test-method> <!-- method -->
        <test-method status="PASS" signature="method(com.alibaba.fastjson.JSONObject)[pri:0, instance:com.cif.restfull_jenkins.AssertClass@4d826d77]" name="method" duration-ms="26664" started-at="2017-05-05T12:02:50Z" data-provider="mysql_retsfull_data" finished-at="2017-05-05T12:03:16Z">
          <params>
            <param index="0">
              <value>
                <![CDATA[{"code":"resultCode","code_1":"tag","expecteds_1":"1","channel":"redhare","leval":"P1","params":"{\"idCardNum\":\"idCardNum_change\",\"type\":\"alipay_info.contacts\"}","type":"json","message":"","url":"api/v1/getOneBasicColumn","expecteds":"SUCCESS","caseID":"case_44","id":"44","table":"resfull_case"}]]>
              </value>
            </param>
          </params>
          <reporter-output>
          </reporter-output>
        </test-method> <!-- method -->
        <test-method status="PASS" signature="method(com.alibaba.fastjson.JSONObject)[pri:0, instance:com.cif.restfull_jenkins.AssertClass@4d826d77]" name="method" duration-ms="945" started-at="2017-05-05T12:03:16Z" data-provider="mysql_retsfull_data" finished-at="2017-05-05T12:03:17Z">
          <params>
            <param index="0">
              <value>
                <![CDATA[{"code":"resultCode","code_1":"tag","expecteds_1":"1","channel":"redhare","leval":"P1","params":"{\"idCardNum\":\"idCardNum_change\",\"type\":\"alipay_info.alipay_basic\"}","type":"json","message":"","url":"api/v1/getOneBasicColumn","expecteds":"SUCCESS","caseID":"case_45","id":"45","table":"resfull_case"}]]>
              </value>
            </param>
          </params>
          <reporter-output>
          </reporter-output>
        </test-method> <!-- method -->
        <test-method status="PASS" signature="method(com.alibaba.fastjson.JSONObject)[pri:0, instance:com.cif.restfull_jenkins.AssertClass@4d826d77]" name="method" duration-ms="859" started-at="2017-05-05T12:03:17Z" data-provider="mysql_retsfull_data" finished-at="2017-05-05T12:03:18Z">
          <params>
            <param index="0">
              <value>
                <![CDATA[{"code":"resultCode","code_1":"tag","expecteds_1":"1","channel":"redhare","leval":"P1","params":"{\"idCardNum\":\"idCardNum_change\",\"type\":\"alipay_info.alipay_bank\"}","type":"json","message":"","url":"api/v1/getOneBasicColumn","expecteds":"SUCCESS","caseID":"case_46","id":"46","table":"resfull_case"}]]>
              </value>
            </param>
          </params>
          <reporter-output>
          </reporter-output>
        </test-method> <!-- method -->
      </class> <!-- com.cif.restfull_jenkins.AssertClass -->
    </test> <!-- Default test -->
  </suite> <!-- Default suite -->
</testng-results>
